<?xml version="1.0" encoding="UTF-8"?>
<!-- Generated by org.testng.reporters.JUnitReportReporter -->
<testsuite hostname="DESKTOP-SMD9FOP" failures="0" tests="2" name="signUp.TestClassprofileedit" time="102.477" errors="0" timestamp="2024-06-03T16:17:13 IST" skipped="0">
  <testcase classname="signUp.TestClassprofileedit" name="poslogin" time="1.442"/>
  <testcase classname="signUp.TestClassprofileedit" name="details" time="101.035"/>
</testsuite> <!-- signUp.TestClassprofileedit -->
