<?xml version="1.0" encoding="UTF-8"?>
<!-- Generated by org.testng.reporters.JUnitReportReporter -->
<testsuite hostname="DESKTOP-SMD9FOP" failures="0" tests="1" name="signUp.TestClassblank" time="12.423" errors="0" timestamp="2024-06-03T16:13:36 IST" skipped="0">
  <testcase classname="signUp.TestClassblank" name="signUpWithoutDetails" time="12.423"/>
</testsuite> <!-- signUp.TestClassblank -->
