<?xml version="1.0" encoding="UTF-8"?>
<!-- Generated by org.testng.reporters.JUnitReportReporter -->
<testsuite hostname="DESKTOP-SMD9FOP" failures="0" tests="5" name="signUp.TestClassnavigations" time="53.259" errors="0" timestamp="2024-06-03T16:15:16 IST" skipped="0">
  <testcase classname="signUp.TestClassnavigations" name="oreonProfile" time="1.032"/>
  <testcase classname="signUp.TestClassnavigations" name="mulberryProfile" time="0.545"/>
  <testcase classname="signUp.TestClassnavigations" name="novapeachProfile" time="50.363"/>
  <testcase classname="signUp.TestClassnavigations" name="pearlblissProfile" time="0.329"/>
  <testcase classname="signUp.TestClassnavigations" name="classicblackProfile" time="0.990"/>
</testsuite> <!-- signUp.TestClassnavigations -->
