<?xml version="1.0" encoding="UTF-8"?>
<!-- Generated by org.testng.reporters.JUnitReportReporter -->
<testsuite hostname="DESKTOP-SMD9FOP" failures="0" tests="1" name="signUp.TestClassinvalid" time="13.197" errors="0" timestamp="2024-06-03T16:14:05 IST" skipped="0">
  <testcase classname="signUp.TestClassinvalid" name="invalidDetails" time="13.197"/>
</testsuite> <!-- signUp.TestClassinvalid -->
