<?xml version="1.0" encoding="UTF-8"?>
<!-- Generated by org.testng.reporters.JUnitReportReporter -->
<testsuite hostname="DESKTOP-SMD9FOP" failures="0" tests="1" name="signUp.TestClass" time="1.707" errors="0" timestamp="2024-06-03T16:13:08 IST" skipped="0">
  <testcase classname="signUp.TestClass" name="positivesignup" time="1.707"/>
</testsuite> <!-- signUp.TestClass -->
